Determining if the pthread_create exist failed with the following output:
Change Dir: /home/james/GNCROS/build/CMakeFiles/CMakeTmp

Run Build Command:"/usr/bin/make" "cmTC_44389/fast"
/usr/bin/make -f CMakeFiles/cmTC_44389.dir/build.make CMakeFiles/cmTC_44389.dir/build
make[1]: Entering directory '/home/james/GNCROS/build/CMakeFiles/CMakeTmp'
Building C object CMakeFiles/cmTC_44389.dir/CheckSymbolExists.c.o
/usr/bin/cc     -o CMakeFiles/cmTC_44389.dir/CheckSymbolExists.c.o   -c /home/james/GNCROS/build/CMakeFiles/CMakeTmp/CheckSymbolExists.c
Linking C executable cmTC_44389
/usr/bin/cmake -E cmake_link_script CMakeFiles/cmTC_44389.dir/link.txt --verbose=1
/usr/bin/cc       CMakeFiles/cmTC_44389.dir/CheckSymbolExists.c.o  -o cmTC_44389 -rdynamic 
CMakeFiles/cmTC_44389.dir/CheckSymbolExists.c.o: In function `main':
CheckSymbolExists.c:(.text+0x16): undefined reference to `pthread_create'
collect2: error: ld returned 1 exit status
CMakeFiles/cmTC_44389.dir/build.make:97: recipe for target 'cmTC_44389' failed
make[1]: *** [cmTC_44389] Error 1
make[1]: Leaving directory '/home/james/GNCROS/build/CMakeFiles/CMakeTmp'
Makefile:126: recipe for target 'cmTC_44389/fast' failed
make: *** [cmTC_44389/fast] Error 2

File /home/james/GNCROS/build/CMakeFiles/CMakeTmp/CheckSymbolExists.c:
/* */
#include <pthread.h>

int main(int argc, char** argv)
{
  (void)argv;
#ifndef pthread_create
  return ((int*)(&pthread_create))[argc];
#else
  (void)argc;
  return 0;
#endif
}

Determining if the function pthread_create exists in the pthreads failed with the following output:
Change Dir: /home/james/GNCROS/build/CMakeFiles/CMakeTmp

Run Build Command:"/usr/bin/make" "cmTC_6022a/fast"
/usr/bin/make -f CMakeFiles/cmTC_6022a.dir/build.make CMakeFiles/cmTC_6022a.dir/build
make[1]: Entering directory '/home/james/GNCROS/build/CMakeFiles/CMakeTmp'
Building C object CMakeFiles/cmTC_6022a.dir/CheckFunctionExists.c.o
/usr/bin/cc    -DCHECK_FUNCTION_EXISTS=pthread_create   -o CMakeFiles/cmTC_6022a.dir/CheckFunctionExists.c.o   -c /usr/share/cmake-3.5/Modules/CheckFunctionExists.c
Linking C executable cmTC_6022a
/usr/bin/cmake -E cmake_link_script CMakeFiles/cmTC_6022a.dir/link.txt --verbose=1
/usr/bin/cc   -DCHECK_FUNCTION_EXISTS=pthread_create    CMakeFiles/cmTC_6022a.dir/CheckFunctionExists.c.o  -o cmTC_6022a -rdynamic -lpthreads 
/usr/bin/ld: cannot find -lpthreads
collect2: error: ld returned 1 exit status
CMakeFiles/cmTC_6022a.dir/build.make:97: recipe for target 'cmTC_6022a' failed
make[1]: *** [cmTC_6022a] Error 1
make[1]: Leaving directory '/home/james/GNCROS/build/CMakeFiles/CMakeTmp'
Makefile:126: recipe for target 'cmTC_6022a/fast' failed
make: *** [cmTC_6022a/fast] Error 2


